Flutter crash report.
Please report a bug at https://github.com/flutter/flutter/issues.

## command

flutter pub add permission_handler

## exception

FileSystemException: FileSystemException: Cannot create link, path = 'M:\pedo_test\test3\flutter_application_1\windows\flutter\ephemeral\.plugin_symlinks\permission_handler_windows' (OS Error: Incorrect function.
, errno = 1)

```
#0      _Link.throwIfError (dart:io/link.dart:263:7)
#1      _Link.createSync (dart:io/link.dart:184:5)
#2      ForwardingLink.createSync (package:file/src/forwarding/forwarding_link.dart:20:16)
#3      ForwardingLink.createSync (package:file/src/forwarding/forwarding_link.dart:20:16)
#4      _createPlatformPluginSymlinks (package:flutter_tools/src/flutter_plugins.dart:1057:12)
#5      createPluginSymlinks (package:flutter_tools/src/flutter_plugins.dart:987:5)
#6      refreshPluginsList (package:flutter_tools/src/flutter_plugins.dart:1089:5)
<asynchronous suspension>
#7      FlutterProject.ensureReadyForPlatformSpecificTooling (package:flutter_tools/src/project.dart:350:5)
<asynchronous suspension>
#8      PackagesInteractiveGetCommand.runCommand (package:flutter_tools/src/commands/packages.dart:355:5)
<asynchronous suspension>
#9      FlutterCommand.run.<anonymous closure> (package:flutter_tools/src/runner/flutter_command.dart:1209:27)
<asynchronous suspension>
#10     AppContext.run.<anonymous closure> (package:flutter_tools/src/base/context.dart:150:19)
<asynchronous suspension>
#11     CommandRunner.runCommand (package:args/command_runner.dart:209:13)
<asynchronous suspension>
#12     FlutterCommandRunner.runCommand.<anonymous closure> (package:flutter_tools/src/runner/flutter_command_runner.dart:281:9)
<asynchronous suspension>
#13     AppContext.run.<anonymous closure> (package:flutter_tools/src/base/context.dart:150:19)
<asynchronous suspension>
#14     FlutterCommandRunner.runCommand (package:flutter_tools/src/runner/flutter_command_runner.dart:229:5)
<asynchronous suspension>
#15     run.<anonymous closure>.<anonymous closure> (package:flutter_tools/runner.dart:62:9)
<asynchronous suspension>
#16     AppContext.run.<anonymous closure> (package:flutter_tools/src/base/context.dart:150:19)
<asynchronous suspension>
#17     main (package:flutter_tools/executable.dart:91:3)
<asynchronous suspension>
```

## flutter doctor

```
[✓] Flutter (Channel stable, 3.3.10, on Microsoft Windows [Version 10.0.22000.194], locale en-US)
    • Flutter version 3.3.10 on channel stable at C:\flutter
    • Upstream repository https://github.com/flutter/flutter.git
    • Framework revision 135454af32 (6 weeks ago), 2022-12-15 07:36:55 -0800
    • Engine revision 3316dd8728
    • Dart version 2.18.6
    • DevTools version 2.15.0

[✓] Android toolchain - develop for Android devices (Android SDK version 33.0.0)
    • Android SDK at C:\Users\studio\AppData\Local\Android\sdk
    • Platform android-33, build-tools 33.0.0
    • Java binary at: C:\Program Files\Android\Android Studio\jre\bin\java
    • Java version OpenJDK Runtime Environment (build 11.0.12+7-b1504.28-7817840)
    • All Android licenses accepted.

[✓] Chrome - develop for the web
    • Chrome at C:\Program Files\Google\Chrome\Application\chrome.exe

[✗] Visual Studio - develop for Windows
    ✗ Visual Studio not installed; this is necessary for Windows development.
      Download at https://visualstudio.microsoft.com/downloads/.
      Please install the "Desktop development with C++" workload, including all of its default components

[✓] Android Studio (version 2021.2)
    • Android Studio at C:\Program Files\Android\Android Studio
    • Flutter plugin can be installed from:
      🔨 https://plugins.jetbrains.com/plugin/9212-flutter
    • Dart plugin can be installed from:
      🔨 https://plugins.jetbrains.com/plugin/6351-dart
    • Java version OpenJDK Runtime Environment (build 11.0.12+7-b1504.28-7817840)

[✓] VS Code (version 1.74.3)
    • VS Code at C:\Users\studio\AppData\Local\Programs\Microsoft VS Code
    • Flutter extension version 3.58.0

[✓] Connected device (3 available)
    • Windows (desktop) • windows • windows-x64    • Microsoft Windows [Version 10.0.22000.194]
    • Chrome (web)      • chrome  • web-javascript • Google Chrome 109.0.5414.120
    • Edge (web)        • edge    • web-javascript • Microsoft Edge 106.0.1370.37

[✓] HTTP Host Availability
    • All required HTTP hosts are available

! Doctor found issues in 1 category.
```
